<?xml version="1.0" encoding="UTF-8"?>
<!-- Generated by org.testng.reporters.JUnitReportReporter -->
<testsuite hostname="DESKTOP-4TEL2V1" failures="0" tests="4" name="com.orangeHRM.testCases.SearchVacancy" time="5.402" errors="0" timestamp="2023-12-05T06:45:10 GMT-05:00" skipped="0">
  <testcase classname="com.orangeHRM.testCases.SearchVacancy" name="NavigateToRecruitment" time="1.817"/>
  <testcase classname="com.orangeHRM.testCases.SearchVacancy" name="NavigateToVacancies" time="1.494"/>
  <testcase classname="com.orangeHRM.testCases.SearchVacancy" name="SearchVacancies" time="1.506"/>
  <testcase classname="com.orangeHRM.testCases.SearchVacancy" name="VerifyAddedVacancy" time="0.585"/>
</testsuite> <!-- com.orangeHRM.testCases.SearchVacancy -->
