<?xml version="1.0" encoding="UTF-8"?>
<!-- Generated by org.testng.reporters.JUnitReportReporter -->
<testsuite hostname="DESKTOP-4TEL2V1" failures="0" tests="8" name="com.orangeHRM.testCases.AddVacancies" time="22.063" errors="0" timestamp="2023-12-05T06:59:04 GMT-05:00" skipped="0">
  <testcase classname="com.orangeHRM.testCases.AddVacancies" name="NavigateToRecruitment" time="1.662"/>
  <testcase classname="com.orangeHRM.testCases.AddVacancies" name="NavigateToVacancies" time="1.155"/>
  <testcase classname="com.orangeHRM.testCases.AddVacancies" name="NavigateToAddVacancy" time="1.168"/>
  <testcase classname="com.orangeHRM.testCases.AddVacancies" name="AddVacancy" time="3.526"/>
  <testcase classname="com.orangeHRM.testCases.AddVacancies" name="NavigateToRecruitmentback" time="11.357"/>
  <testcase classname="com.orangeHRM.testCases.AddVacancies" name="NavigateToVacanciesback" time="1.187"/>
  <testcase classname="com.orangeHRM.testCases.AddVacancies" name="SearchVacancies" time="1.430"/>
  <testcase classname="com.orangeHRM.testCases.AddVacancies" name="VerifyAddedVacancy" time="0.578"/>
</testsuite> <!-- com.orangeHRM.testCases.AddVacancies -->
